<?xml version="1.0" encoding="UTF-8"?>
<!-- Generated by org.testng.reporters.JUnitReportReporter -->
<testsuite hostname="DESKTOP-I6TKHMQ" name="com.qa.cxplite.tests.createbillservicetest" tests="1" failures="0" timestamp="29 Jun 2021 11:20:44 GMT" time="70.325" errors="0">
  <testcase name="bill_service" time="70.325" classname="com.qa.cxplite.tests.createbillservicetest"/>
</testsuite> <!-- com.qa.cxplite.tests.createbillservicetest -->
