<?xml version="1.0" encoding="UTF-8"?>
<!-- Generated by org.testng.reporters.JUnitReportReporter -->
<testsuite hostname="DESKTOP-I6TKHMQ" name="com.qa.cxplite.tests.CreateEstimateTest" tests="1" failures="0" timestamp="2 Jun 2021 13:45:09 GMT" time="39.569" errors="0">
  <testcase name="validateCreateEstimates" time="39.569" classname="com.qa.cxplite.tests.CreateEstimateTest"/>
</testsuite> <!-- com.qa.cxplite.tests.CreateEstimateTest -->
