<?xml version="1.0" encoding="UTF-8"?>
<!-- Generated by org.testng.reporters.JUnitReportReporter -->
<testsuite hostname="Administrator" failures="0" tests="1" name="com.qa.cxplite.tests.CreateEstimateTest" time="42.037" errors="0" timestamp="2021-06-29T14:25:33 IST" skipped="0">
  <testcase classname="com.qa.cxplite.tests.CreateEstimateTest" name="validateCreateEstimates" time="42.037"/>
  <system-out/>
</testsuite> <!-- com.qa.cxplite.tests.CreateEstimateTest -->
