<?xml version="1.0" encoding="UTF-8"?>
<!-- Generated by org.testng.reporters.JUnitReportReporter -->
<testsuite hostname="DESKTOP-I6TKHMQ" name="com.qa.cxplite.tests.createbillservicetest" tests="1" failures="0" timestamp="2 Jun 2021 13:45:09 GMT" time="94.107" errors="0">
  <testcase name="bill_service" time="94.107" classname="com.qa.cxplite.tests.createbillservicetest"/>
</testsuite> <!-- com.qa.cxplite.tests.createbillservicetest -->
