<?xml version="1.0" encoding="UTF-8"?>
<!-- Generated by org.testng.reporters.JUnitReportReporter -->
<testsuite hostname="DESKTOP-I6TKHMQ" name="com.qa.cxplite.tests.ValidateHomePageTest" tests="1" failures="0" timestamp="2 Jun 2021 13:45:09 GMT" time="12.435" errors="0">
  <testcase name="validatehomepage" time="12.435" classname="com.qa.cxplite.tests.ValidateHomePageTest"/>
</testsuite> <!-- com.qa.cxplite.tests.ValidateHomePageTest -->
