<?xml version="1.0" encoding="UTF-8"?>
<!-- Generated by org.testng.reporters.JUnitReportReporter -->
<testsuite hostname="DESKTOP-I6TKHMQ" name="com.qa.cxplite.tests.CreateEventTest" tests="2" failures="0" timestamp="2 Jun 2021 13:45:09 GMT" time="118.457" errors="0">
  <testcase name="validateCreateEvent" time="110.005" classname="com.qa.cxplite.tests.CreateEventTest"/>
  <testcase name="serachEventTest" time="8.452" classname="com.qa.cxplite.tests.CreateEventTest"/>
</testsuite> <!-- com.qa.cxplite.tests.CreateEventTest -->
