<?xml version="1.0" encoding="UTF-8"?>
<!-- Generated by org.testng.reporters.JUnitReportReporter -->
<testsuite hostname="DESKTOP-I6TKHMQ" name="com.qa.cxplite.tests.CreateEstimateTest" tests="1" failures="0" timestamp="13 Jun 2021 11:01:02 GMT" time="36.544" errors="0">
  <testcase name="validateCreateEstimates" time="36.544" classname="com.qa.cxplite.tests.CreateEstimateTest"/>
</testsuite> <!-- com.qa.cxplite.tests.CreateEstimateTest -->
