<?xml version="1.0" encoding="UTF-8"?>
<!-- Generated by org.testng.reporters.JUnitReportReporter -->
<testsuite hostname="Administrator" failures="0" tests="1" name="com.qa.cxplite.tests.cxpCreateCustomerTest" time="27.994" errors="0" timestamp="2021-06-29T16:12:20 IST" skipped="0">
  <testcase classname="com.qa.cxplite.tests.cxpCreateCustomerTest" name="validateCreateCustomer" time="27.994"/>
  <system-out/>
</testsuite> <!-- com.qa.cxplite.tests.cxpCreateCustomerTest -->
