<?xml version="1.0" encoding="UTF-8"?>
<!-- Generated by org.testng.reporters.JUnitReportReporter -->
<testsuite hostname="DESKTOP-I6TKHMQ" name="com.qa.cxplite.tests.cxpCreateCustomerTest" tests="1" failures="0" timestamp="6 Jun 2021 14:50:56 GMT" time="26.930" errors="0">
  <testcase name="validateCreateCustomer" time="26.930" classname="com.qa.cxplite.tests.cxpCreateCustomerTest"/>
</testsuite> <!-- com.qa.cxplite.tests.cxpCreateCustomerTest -->
