<?xml version="1.0" encoding="UTF-8"?>
<!-- Generated by org.testng.reporters.JUnitReportReporter -->
<testsuite hostname="DESKTOP-I6TKHMQ" name="com.qa.cxplite.tests.QuickCreateEventTest" tests="2" failures="0" timestamp="13 Jun 2021 10:52:05 GMT" time="117.320" errors="0">
  <testcase name="serachEventTest" time="8.528" classname="com.qa.cxplite.tests.QuickCreateEventTest"/>
  <testcase name="validateCreateEvent" time="108.792" classname="com.qa.cxplite.tests.QuickCreateEventTest"/>
</testsuite> <!-- com.qa.cxplite.tests.QuickCreateEventTest -->
