<?xml version="1.0" encoding="UTF-8"?>
<!-- Generated by org.testng.reporters.JUnitReportReporter -->
<testsuite hostname="DESKTOP-I6TKHMQ" name="com.qa.cxplite.tests.cxpLoginTest" tests="1" failures="0" timestamp="29 Jun 2021 11:20:44 GMT" time="11.301" errors="0">
  <testcase name="validatelogin" time="11.301" classname="com.qa.cxplite.tests.cxpLoginTest"/>
</testsuite> <!-- com.qa.cxplite.tests.cxpLoginTest -->
