<?xml version="1.0" encoding="UTF-8"?>
<!-- Generated by org.testng.reporters.JUnitReportReporter -->
<testsuite hostname="DESKTOP-I6TKHMQ" name="com.qa.cxplite.tests.CreateEventOrderTest" tests="2" failures="0" timestamp="13 Jun 2021 11:01:02 GMT" time="209.908" errors="0">
  <testcase name="add_menu" time="194.759" classname="com.qa.cxplite.tests.CreateEventOrderTest"/>
  <testcase name="eventnumberSearch" time="15.149" classname="com.qa.cxplite.tests.CreateEventOrderTest"/>
</testsuite> <!-- com.qa.cxplite.tests.CreateEventOrderTest -->
