<?xml version="1.0" encoding="UTF-8"?>
<!-- Generated by org.testng.reporters.JUnitReportReporter -->
<testsuite hostname="DESKTOP-I6TKHMQ" name="com.qa.cxplite.tests.CreateEventOrderTest" tests="2" failures="0" timestamp="2 Jun 2021 13:45:09 GMT" time="284.589" errors="0">
  <testcase name="add_menu" time="267.365" classname="com.qa.cxplite.tests.CreateEventOrderTest"/>
  <testcase name="eventnumberSearch" time="17.224" classname="com.qa.cxplite.tests.CreateEventOrderTest"/>
</testsuite> <!-- com.qa.cxplite.tests.CreateEventOrderTest -->
