<?xml version="1.0" encoding="UTF-8"?>
<!-- Generated by org.testng.reporters.JUnitReportReporter -->
<testsuite hostname="DESKTOP-I6TKHMQ" name="com.qa.cxplite.tests.CreateEventOrderTest" tests="2" failures="0" timestamp="29 Jun 2021 11:20:44 GMT" time="202.584" errors="0">
  <testcase name="add_menu" time="188.682" classname="com.qa.cxplite.tests.CreateEventOrderTest"/>
  <testcase name="eventnumberSearch" time="13.902" classname="com.qa.cxplite.tests.CreateEventOrderTest"/>
</testsuite> <!-- com.qa.cxplite.tests.CreateEventOrderTest -->
