<?xml version="1.0" encoding="UTF-8"?>
<!-- Generated by org.testng.reporters.JUnitReportReporter -->
<testsuite hostname="DESKTOP-I6TKHMQ" name="com.qa.cxplite.tests.CreateEventTest" tests="2" failures="0" timestamp="13 Jun 2021 11:01:02 GMT" time="115.441" errors="0">
  <testcase name="validateCreateEvent" time="106.837" classname="com.qa.cxplite.tests.CreateEventTest"/>
  <testcase name="serachEventTest" time="8.604" classname="com.qa.cxplite.tests.CreateEventTest"/>
</testsuite> <!-- com.qa.cxplite.tests.CreateEventTest -->
