<?xml version="1.0" encoding="UTF-8"?>
<!-- Generated by org.testng.reporters.JUnitReportReporter -->
<testsuite hostname="DESKTOP-I6TKHMQ" name="com.qa.cxplite.tests.ValidateHomePageTest" tests="1" failures="0" timestamp="29 Jun 2021 11:20:44 GMT" time="6.933" errors="0">
  <testcase name="validatehomepage" time="6.933" classname="com.qa.cxplite.tests.ValidateHomePageTest"/>
</testsuite> <!-- com.qa.cxplite.tests.ValidateHomePageTest -->
