<?xml version="1.0" encoding="UTF-8"?>
<!-- Generated by org.testng.reporters.JUnitReportReporter -->
<testsuite hostname="DESKTOP-I6TKHMQ" name="com.qa.cxplite.tests.ValidateHomePageTest" tests="1" failures="0" timestamp="13 Jun 2021 11:01:02 GMT" time="6.128" errors="0">
  <testcase name="validatehomepage" time="6.128" classname="com.qa.cxplite.tests.ValidateHomePageTest"/>
</testsuite> <!-- com.qa.cxplite.tests.ValidateHomePageTest -->
