<?xml version="1.0" encoding="UTF-8"?>
<!-- Generated by org.testng.reporters.JUnitReportReporter -->
<testsuite hostname="DESKTOP-I6TKHMQ" name="com.qa.cxplite.tests.CreateEstimateTest" tests="1" failures="0" timestamp="29 Jun 2021 11:20:44 GMT" time="38.733" errors="0">
  <testcase name="validateCreateEstimates" time="38.733" classname="com.qa.cxplite.tests.CreateEstimateTest"/>
</testsuite> <!-- com.qa.cxplite.tests.CreateEstimateTest -->
