<?xml version="1.0" encoding="UTF-8"?>
<!-- Generated by org.testng.reporters.JUnitReportReporter -->
<testsuite hostname="DESKTOP-I6TKHMQ" name="com.qa.cxplite.tests.ValidateHomePageTest" tests="1" failures="0" timestamp="6 Jun 2021 14:50:56 GMT" time="9.739" errors="0">
  <testcase name="validatehomepage" time="9.739" classname="com.qa.cxplite.tests.ValidateHomePageTest"/>
</testsuite> <!-- com.qa.cxplite.tests.ValidateHomePageTest -->
