<?xml version="1.0" encoding="UTF-8"?>
<!-- Generated by org.testng.reporters.JUnitReportReporter -->
<testsuite hostname="DESKTOP-I6TKHMQ" name="com.qa.cxplite.tests.CreateEventTest" tests="2" failures="0" timestamp="6 Jun 2021 14:50:56 GMT" time="118.239" errors="0">
  <testcase name="validateCreateEvent" time="109.786" classname="com.qa.cxplite.tests.CreateEventTest"/>
  <testcase name="serachEventTest" time="8.453" classname="com.qa.cxplite.tests.CreateEventTest"/>
</testsuite> <!-- com.qa.cxplite.tests.CreateEventTest -->
