<?xml version="1.0" encoding="UTF-8"?>
<!-- Generated by org.testng.reporters.JUnitReportReporter -->
<testsuite hostname="DESKTOP-I6TKHMQ" name="com.qa.cxplite.tests.CreateEventTest" tests="2" failures="0" timestamp="29 Jun 2021 11:20:44 GMT" time="112.020" errors="0">
  <testcase name="validateCreateEvent" time="103.615" classname="com.qa.cxplite.tests.CreateEventTest"/>
  <testcase name="serachEventTest" time="8.405" classname="com.qa.cxplite.tests.CreateEventTest"/>
</testsuite> <!-- com.qa.cxplite.tests.CreateEventTest -->
